<?xml version="1.0" encoding="UTF-8"?>
<testExecutions version="1">
    <file path="D:\ticket\src\pages\FilmMenu\components\Cards\FilmCard\FilmCard.spec.tsx">
        <testCase name="FilmCard Test should match snapshot" duration="401"/>
    </file>
    <file path="D:\ticket\src\pages\FilmMenu\services\filmService.spec.ts">
        <testCase name="film service test should fetch filmMenu" duration="161"/>
        <testCase name="film service test should filter filmMenu" duration="2"/>
    </file>
    <file path="D:\ticket\src\pages\FilmMenu\components\Dialogs\ComfirmAddBaseDialog\GridDescription.spec.tsx">
        <testCase name="GridDescription Test should match snapshot" duration="534"/>
    </file>
    <file path="D:\ticket\src\context\SessionContext.spec.ts">
        <testCase name="Session Context text deberÃ­a crear sesion" duration="54"/>
    </file>
    <file path="D:\ticket\src\pages\FilmMenu\components\FilmImage\FilmImage.spec.tsx">
        <testCase name="FilmImage Test should match snapshot" duration="9"/>
    </file>
</testExecutions>