<?xml version="1.0" encoding="UTF-8"?>
<testExecutions version="1">
    <file path="D:\ticket\src\context\SessionContext.spec.ts">
        <testCase name="Session Context text deberÃ­a crear sesion" duration="41"/>
    </file>
    <file path="D:\ticket\src\pages\FilmMenu\components\Cards\FilmCard\FilmCard.spec.tsx">
        <testCase name="FilmCard Test should match snapshot" duration="292"/>
    </file>
</testExecutions>