<?xml version="1.0" encoding="UTF-8"?>
<testExecutions version="1">
    <file path="D:\ticket\src\pages\FilmMenu\components\Cards\CardItem\CardItem.spec.tsx">
        <testCase name="CardItem Test should match snapshot" duration="267"/>
    </file>
</testExecutions>