<?xml version="1.0" encoding="UTF-8"?>
<testExecutions version="1">
    <file path="D:\ticket\src\pages\FilmMenu\components\Cards\FilmCard\FilmCard.spec.tsx">
        <testCase name="FilmCard Test should match snapshot" duration="276"/>
    </file>
</testExecutions>