<?xml version="1.0" encoding="UTF-8"?>
<testExecutions version="1">
    <file path="D:\ticket\src\context\SessionContext.spec.ts">
        <testCase name="Session Context text deberÃ­a crear sesion" duration="37"/>
    </file>
</testExecutions>